

Version:	3.50
CmdLine:	C:\Users\USER\Desktop\Software engineering practices\AVLTreeTraverseVisualizer\AVLTreeTraverseVisualizer.exe --l4j-debug
JNI:		No
WOW64:		Yes
Working dir:	C:\Users\USER\Desktop\Software engineering practices\AVLTreeTraverseVisualizer\.
Requires JDK:	No
Requires 64-Bit: No
Java min ver:	
Java max ver:	
JRE paths:	AVLTreeTraverseVisualizer\jre
Check launcher:	C:\Users\USER\Desktop\Software engineering practices\AVLTreeTraverseVisualizer\AVLTreeTraverseVisualizer\jre\bin\javaw.exe (not found)
Error msg:	This application requires a Java Runtime Environment.


Version:	3.50
CmdLine:	C:\Users\USER\Desktop\Software engineering practices\AVLTreeTraverseVisualizer\AVLTreeTraverseVisualizer.exe --l4j-debug
JNI:		No
WOW64:		Yes
Working dir:	C:\Users\USER\Desktop\Software engineering practices\AVLTreeTraverseVisualizer\.
Requires JDK:	No
Requires 64-Bit: No
Java min ver:	
Java max ver:	
JRE paths:	AVLTreeTraverseVisualizer\jre
Check launcher:	C:\Users\USER\Desktop\Software engineering practices\AVLTreeTraverseVisualizer\AVLTreeTraverseVisualizer\jre\bin\javaw.exe (not found)
Error msg:	This application requires a Java Runtime Environment.


Version:	3.50
CmdLine:	C:\Users\USER\Desktop\Software engineering practices\AVLTreeTraverseVisualizer\AVLTreeTraverseVisualizer.exe --l4j-debug
JNI:		No
WOW64:		Yes
Working dir:	C:\Users\USER\Desktop\Software engineering practices\AVLTreeTraverseVisualizer\.
Requires JDK:	No
Requires 64-Bit: No
Java min ver:	
Java max ver:	
JRE paths:	AVLTreeTraverseVisualizer\jre
Check launcher:	C:\Users\USER\Desktop\Software engineering practices\AVLTreeTraverseVisualizer\AVLTreeTraverseVisualizer\jre\bin\javaw.exe (not found)
Error msg:	This application requires a Java Runtime Environment.


Version:	3.50
CmdLine:	C:\Users\USER\Desktop\Software engineering practices\AVLTreeTraverseVisualizer\AVLTreeTraverseVisualizer.exe --l4j-debug
JNI:		No
WOW64:		Yes
Working dir:	C:\Users\USER\Desktop\Software engineering practices\AVLTreeTraverseVisualizer\.
Requires JDK:	No
Requires 64-Bit: No
Java min ver:	
Java max ver:	
JRE paths:	AVLTreeTraverseVisualizer\jre
Check launcher:	C:\Users\USER\Desktop\Software engineering practices\AVLTreeTraverseVisualizer\AVLTreeTraverseVisualizer\jre\bin\javaw.exe (not found)
Error msg:	This application requires a Java Runtime Environment.


Version:	3.50
CmdLine:	C:\Users\USER\Desktop\Software engineering practices\AVLTreeTraverseVisualizer\AVLTreeTraverseVisualizer.exe --l4j-debug
JNI:		No
WOW64:		Yes
Working dir:	C:\Users\USER\Desktop\Software engineering practices\AVLTreeTraverseVisualizer\.
Requires JDK:	No
Requires 64-Bit: No
Java min ver:	
Java max ver:	
JRE paths:	AVLTreeTraverseVisualizer\jre
Check launcher:	C:\Users\USER\Desktop\Software engineering practices\AVLTreeTraverseVisualizer\AVLTreeTraverseVisualizer\jre\bin\javaw.exe (not found)
Error msg:	This application requires a Java Runtime Environment.


Version:	3.50
CmdLine:	C:\Users\USER\Desktop\Software engineering practices\AVLTreeTraverseVisualizer\AVLTreeTraverseVisualizer.exe --l4j-debug
JNI:		No
WOW64:		Yes
Working dir:	C:\Users\USER\Desktop\Software engineering practices\AVLTreeTraverseVisualizer\.
Requires JDK:	No
Requires 64-Bit: No
Java min ver:	
Java max ver:	
JRE paths:	AVLTreeTraverseVisualizer\jre
Check launcher:	C:\Users\USER\Desktop\Software engineering practices\AVLTreeTraverseVisualizer\AVLTreeTraverseVisualizer\jre\bin\javaw.exe (not found)
Error msg:	This application requires a Java Runtime Environment.


Version:	3.50
CmdLine:	C:\Users\USER\Desktop\Software engineering practices\AVLTreeTraverseVisualizer\AVLTreeTraverseVisualizer.exe --l4j-debug
JNI:		No
WOW64:		Yes
Working dir:	C:\Users\USER\Desktop\Software engineering practices\AVLTreeTraverseVisualizer\.
Requires JDK:	No
Requires 64-Bit: No
Java min ver:	
Java max ver:	
JRE paths:	AVLTreeTraverseVisualizer\jre
Check launcher:	C:\Users\USER\Desktop\Software engineering practices\AVLTreeTraverseVisualizer\AVLTreeTraverseVisualizer\jre\bin\javaw.exe (not found)
Error msg:	This application requires a Java Runtime Environment.


Version:	3.50
CmdLine:	C:\Users\USER\Desktop\Software engineering practices\AVLTreeTraverseVisualizer\AVLTreeTraverseVisualizer.exe --l4j-debug
JNI:		No
WOW64:		Yes
Working dir:	C:\Users\USER\Desktop\Software engineering practices\AVLTreeTraverseVisualizer\.
Requires JDK:	No
Requires 64-Bit: No
Java min ver:	
Java max ver:	
JRE paths:	AVLTreeTraverseVisualizer\jre
Check launcher:	C:\Users\USER\Desktop\Software engineering practices\AVLTreeTraverseVisualizer\AVLTreeTraverseVisualizer\jre\bin\javaw.exe (not found)
Error msg:	This application requires a Java Runtime Environment.


Version:	3.50
CmdLine:	C:\Users\USER\Desktop\Software engineering practices\AVLTreeTraverseVisualizer\AVLTreeTraverseVisualizer.exe --l4j-debug
JNI:		No
WOW64:		Yes
Working dir:	C:\Users\USER\Desktop\Software engineering practices\AVLTreeTraverseVisualizer\.
Requires JDK:	No
Requires 64-Bit: No
Java min ver:	
Java max ver:	
JRE paths:	AVLTreeTraverseVisualizer\jre
Check launcher:	C:\Users\USER\Desktop\Software engineering practices\AVLTreeTraverseVisualizer\AVLTreeTraverseVisualizer\jre\bin\javaw.exe (not found)
Error msg:	This application requires a Java Runtime Environment.


Version:	3.50
CmdLine:	C:\Users\USER\Desktop\Software engineering practices\AVLTreeTraverseVisualizer\AVLTreeTraverseVisualizer.exe --l4j-debug
JNI:		No
WOW64:		Yes
Working dir:	C:\Users\USER\Desktop\Software engineering practices\AVLTreeTraverseVisualizer\.
Requires JDK:	No
Requires 64-Bit: No
Java min ver:	
Java max ver:	
JRE paths:	AVLTreeTraverseVisualizer\jre
Check launcher:	C:\Users\USER\Desktop\Software engineering practices\AVLTreeTraverseVisualizer\AVLTreeTraverseVisualizer\jre\bin\javaw.exe (not found)
Error msg:	This application requires a Java Runtime Environment.


Version:	3.50
CmdLine:	C:\Users\USER\Desktop\Software engineering practices\AVLTreeTraverseVisualizer\AVLTreeTraverseVisualizer.exe --l4j-debug
JNI:		No
WOW64:		Yes
Working dir:	C:\Users\USER\Desktop\Software engineering practices\AVLTreeTraverseVisualizer\.
Requires JDK:	No
Requires 64-Bit: No
Java min ver:	
Java max ver:	
JRE paths:	AVLTreeTraverseVisualizer\jre
Check launcher:	C:\Users\USER\Desktop\Software engineering practices\AVLTreeTraverseVisualizer\AVLTreeTraverseVisualizer\jre\bin\javaw.exe (not found)
Error msg:	This application requires a Java Runtime Environment.


Version:	3.50
CmdLine:	C:\Users\USER\Desktop\Software engineering practices\AVLTreeTraverseVisualizer\AVLTreeTraverseVisualizer.exe --l4j-debug
JNI:		No
WOW64:		Yes
Working dir:	C:\Users\USER\Desktop\Software engineering practices\AVLTreeTraverseVisualizer\.
Requires JDK:	No
Requires 64-Bit: No
Java min ver:	
Java max ver:	
JRE paths:	AVLTreeTraverseVisualizer\jre
Check launcher:	C:\Users\USER\Desktop\Software engineering practices\AVLTreeTraverseVisualizer\AVLTreeTraverseVisualizer\jre\bin\javaw.exe (not found)
Error msg:	This application requires a Java Runtime Environment.


Version:	3.50
CmdLine:	C:\Users\USER\Desktop\Software engineering practices\AVLTreeTraverseVisualizer\AVLTreeTraverseVisualizer.exe --l4j-debug
JNI:		No
WOW64:		Yes
Working dir:	C:\Users\USER\Desktop\Software engineering practices\AVLTreeTraverseVisualizer\.
Requires JDK:	No
Requires 64-Bit: No
Java min ver:	
Java max ver:	
JRE paths:	AVLTreeTraverseVisualizer\jre
Check launcher:	C:\Users\USER\Desktop\Software engineering practices\AVLTreeTraverseVisualizer\AVLTreeTraverseVisualizer\jre\bin\javaw.exe (not found)
Error msg:	This application requires a Java Runtime Environment.


Version:	3.50
CmdLine:	C:\Users\USER\Desktop\Software engineering practices\AVLTreeTraverseVisualizer\AVLTreeTraverseVisualizer.exe --l4j-debug
JNI:		No
WOW64:		Yes
Working dir:	C:\Users\USER\Desktop\Software engineering practices\AVLTreeTraverseVisualizer\.
Requires JDK:	No
Requires 64-Bit: No
Java min ver:	
Java max ver:	
JRE paths:	AVLTreeTraverseVisualizer\jre
Check launcher:	C:\Users\USER\Desktop\Software engineering practices\AVLTreeTraverseVisualizer\AVLTreeTraverseVisualizer\jre\bin\javaw.exe (not found)
Error msg:	This application requires a Java Runtime Environment.


Version:	3.50
CmdLine:	C:\Users\USER\Desktop\Software engineering practices\AVLTreeTraverseVisualizer\AVLTreeTraverseVisualizer.exe --l4j-debug
JNI:		No
WOW64:		Yes
Working dir:	C:\Users\USER\Desktop\Software engineering practices\AVLTreeTraverseVisualizer\.
Requires JDK:	No
Requires 64-Bit: No
Java min ver:	
Java max ver:	
JRE paths:	AVLTreeTraverseVisualizer\jre
Check launcher:	C:\Users\USER\Desktop\Software engineering practices\AVLTreeTraverseVisualizer\AVLTreeTraverseVisualizer\jre\bin\javaw.exe (not found)
Error msg:	This application requires a Java Runtime Environment.


Version:	3.50
CmdLine:	C:\Users\USER\Desktop\Software engineering practices\AVLTreeTraverseVisualizer\AVLTreeTraverseVisualizer.exe --l4j-debug
JNI:		No
WOW64:		Yes
Working dir:	C:\Users\USER\Desktop\Software engineering practices\AVLTreeTraverseVisualizer\.
Requires JDK:	No
Requires 64-Bit: No
Java min ver:	
Java max ver:	
JRE paths:	AVLTreeTraverseVisualizer\jre
Check launcher:	C:\Users\USER\Desktop\Software engineering practices\AVLTreeTraverseVisualizer\AVLTreeTraverseVisualizer\jre\bin\javaw.exe (not found)
Error msg:	This application requires a Java Runtime Environment.


Version:	3.50
CmdLine:	C:\Users\USER\Desktop\Software engineering practices\AVLTreeTraverseVisualizer\AVLTreeTraverseVisualizer.exe --l4j-debug
JNI:		No
WOW64:		Yes
Working dir:	C:\Users\USER\Desktop\Software engineering practices\AVLTreeTraverseVisualizer\.
Requires JDK:	No
Requires 64-Bit: No
Java min ver:	
Java max ver:	
JRE paths:	AVLTreeTraverseVisualizer\jre
Check launcher:	C:\Users\USER\Desktop\Software engineering practices\AVLTreeTraverseVisualizer\AVLTreeTraverseVisualizer\jre\bin\javaw.exe (not found)
Error msg:	This application requires a Java Runtime Environment.


Version:	3.50
CmdLine:	C:\Users\USER\Desktop\Software engineering practices\AVLTreeTraverseVisualizer\AVLTreeTraverseVisualizer.exe --l4j-debug
JNI:		No
WOW64:		Yes
Working dir:	C:\Users\USER\Desktop\Software engineering practices\AVLTreeTraverseVisualizer\.
Requires JDK:	No
Requires 64-Bit: No
Java min ver:	
Java max ver:	
JRE paths:	AVLTreeTraverseVisualizer\jre
Check launcher:	C:\Users\USER\Desktop\Software engineering practices\AVLTreeTraverseVisualizer\AVLTreeTraverseVisualizer\jre\bin\javaw.exe (not found)
Error msg:	This application requires a Java Runtime Environment.


Version:	3.50
CmdLine:	C:\Users\USER\Desktop\Software engineering practices\AVLTreeTraverseVisualizer\AVLTreeTraverseVisualizer.exe --l4j-debug
JNI:		No
WOW64:		Yes
Working dir:	C:\Users\USER\Desktop\Software engineering practices\AVLTreeTraverseVisualizer\.
Requires JDK:	No
Requires 64-Bit: No
Java min ver:	
Java max ver:	
JRE paths:	AVLTreeTraverseVisualizer\jre
Check launcher:	C:\Users\USER\Desktop\Software engineering practices\AVLTreeTraverseVisualizer\AVLTreeTraverseVisualizer\jre\bin\javaw.exe (not found)
Error msg:	This application requires a Java Runtime Environment.


Version:	3.50
CmdLine:	C:\Users\USER\Desktop\Software engineering practices\AVLTreeTraverseVisualizer\AVLTreeTraverseVisualizer.exe --l4j-debug
JNI:		No
WOW64:		Yes
Working dir:	C:\Users\USER\Desktop\Software engineering practices\AVLTreeTraverseVisualizer\.
Requires JDK:	No
Requires 64-Bit: No
Java min ver:	
Java max ver:	
JRE paths:	AVLTreeTraverseVisualizer\jre
Check launcher:	C:\Users\USER\Desktop\Software engineering practices\AVLTreeTraverseVisualizer\AVLTreeTraverseVisualizer\jre\bin\javaw.exe (not found)
Error msg:	This application requires a Java Runtime Environment.


Version:	3.50
CmdLine:	C:\Users\USER\Desktop\Software engineering practices\AVLTreeTraverseVisualizer\AVLTreeTraverseVisualizer.exe --l4j-debug
JNI:		No
WOW64:		Yes
Working dir:	C:\Users\USER\Desktop\Software engineering practices\AVLTreeTraverseVisualizer\.
Requires JDK:	No
Requires 64-Bit: No
Java min ver:	
Java max ver:	
JRE paths:	AVLTreeTraverseVisualizer\jre
Check launcher:	C:\Users\USER\Desktop\Software engineering practices\AVLTreeTraverseVisualizer\AVLTreeTraverseVisualizer\jre\bin\javaw.exe (not found)
Error msg:	This application requires a Java Runtime Environment.


Version:	3.50
CmdLine:	C:\Users\USER\Desktop\Software engineering practices\AVLTreeTraverseVisualizer\AVLTreeTraverseVisualizer.exe --l4j-debug
JNI:		No
WOW64:		Yes
Working dir:	C:\Users\USER\Desktop\Software engineering practices\AVLTreeTraverseVisualizer\.
Requires JDK:	No
Requires 64-Bit: No
Java min ver:	
Java max ver:	
JRE paths:	AVLTreeTraverseVisualizer\jre
Check launcher:	C:\Users\USER\Desktop\Software engineering practices\AVLTreeTraverseVisualizer\AVLTreeTraverseVisualizer\jre\bin\javaw.exe (not found)
Error msg:	This application requires a Java Runtime Environment.


Version:	3.50
CmdLine:	C:\Users\USER\Desktop\Software engineering practices\AVLTreeTraverseVisualizer\AVLTreeTraverseVisualizer.exe --l4j-debug
JNI:		No
WOW64:		Yes
Working dir:	C:\Users\USER\Desktop\Software engineering practices\AVLTreeTraverseVisualizer\.
Requires JDK:	No
Requires 64-Bit: No
Java min ver:	
Java max ver:	
JRE paths:	AVLTreeTraverseVisualizer\jre
Check launcher:	C:\Users\USER\Desktop\Software engineering practices\AVLTreeTraverseVisualizer\AVLTreeTraverseVisualizer\jre\bin\javaw.exe (not found)
Error msg:	This application requires a Java Runtime Environment.


Version:	3.50
CmdLine:	C:\Users\USER\Desktop\Software engineering practices\AVLTreeTraverseVisualizer\AVLTreeTraverseVisualizer.exe --l4j-debug
JNI:		No
WOW64:		Yes
Working dir:	C:\Users\USER\Desktop\Software engineering practices\AVLTreeTraverseVisualizer\.
Requires JDK:	No
Requires 64-Bit: No
Java min ver:	
Java max ver:	
JRE paths:	AVLTreeTraverseVisualizer\jre
Check launcher:	C:\Users\USER\Desktop\Software engineering practices\AVLTreeTraverseVisualizer\AVLTreeTraverseVisualizer\jre\bin\javaw.exe (not found)
Error msg:	This application requires a Java Runtime Environment.


Version:	3.50
CmdLine:	C:\Users\USER\Desktop\Software engineering practices\AVLTreeTraverseVisualizer\AVLTreeTraverseVisualizer.exe --l4j-debug
JNI:		No
WOW64:		Yes
Working dir:	C:\Users\USER\Desktop\Software engineering practices\AVLTreeTraverseVisualizer\.
Requires JDK:	No
Requires 64-Bit: No
Java min ver:	
Java max ver:	
JRE paths:	AVLTreeTraverseVisualizer\jre
Check launcher:	C:\Users\USER\Desktop\Software engineering practices\AVLTreeTraverseVisualizer\AVLTreeTraverseVisualizer\jre\bin\javaw.exe (not found)
Error msg:	This application requires a Java Runtime Environment.


Version:	3.50
CmdLine:	C:\Users\USER\Desktop\Software engineering practices\AVLTreeTraverseVisualizer\AVLTreeTraverseVisualizer.exe --l4j-debug
JNI:		No
WOW64:		Yes
Working dir:	C:\Users\USER\Desktop\Software engineering practices\AVLTreeTraverseVisualizer\.
Requires JDK:	No
Requires 64-Bit: No
Java min ver:	
Java max ver:	
JRE paths:	AVLTreeTraverseVisualizer\jre
Check launcher:	C:\Users\USER\Desktop\Software engineering practices\AVLTreeTraverseVisualizer\AVLTreeTraverseVisualizer\jre\bin\javaw.exe (not found)
Error msg:	This application requires a Java Runtime Environment.


Version:	3.50
CmdLine:	C:\Users\USER\Desktop\Software engineering practices\AVLTreeTraverseVisualizer\AVLTreeTraverseVisualizer.exe --l4j-debug
JNI:		No
WOW64:		Yes
Working dir:	C:\Users\USER\Desktop\Software engineering practices\AVLTreeTraverseVisualizer\.
Requires JDK:	No
Requires 64-Bit: No
Java min ver:	
Java max ver:	
Substitute:	JAVA_HOME = C:\Program Files (x86)\Eclipse Adoptium\jdk-17.0.8.101-hotspot\
Substitute:	PATH = C:\Program Files (x86)\VMware\VMware Player\bin\;C:\Program Files\Common Files\Oracle\Java\javapath;C:\Program Files (x86)\Common Files\Oracle\Java\javapath;C:\Program Files (x86)\Eclipse Adoptium\jdk-17.0.8.101-hotspot\bin;C:\Windows\system32;C:\Windows;C:\Windows\System32\Wbem;C:\Windows\System32\WindowsPowerShell\v1.0\;C:\Windows\System32\OpenSSH\;C:\Program Files (x86)\NVIDIA Corporation\PhysX\Common;C:\Program Files\NVIDIA Corporation\NVIDIA NvDLISR;C:\Program Files\Microsoft SQL Server\150\Tools\Binn\;C:\Program Files\Microsoft SQL Server\Client SDK\ODBC\170\Tools\Binn\;C:\Program Files\dotnet\;C:\Program Files\PowerShell\7-preview\preview;C:\Program Files\PowerShell\7\;C:\Program Files\Git\cmd;C:\Users\USER\AppData\Local\Microsoft\WindowsApps;;C:\Users\USER\AppData\Local\Programs\Microsoft VS Code\bin;C:\Users\USER\.dotnet\tools;C:\Program Files (x86)\Eclipse Adoptium\jdk-17.0.8.101-hotspot\\bin
JRE paths:	C:\Program Files (x86)\Eclipse Adoptium\jdk-17.0.8.101-hotspot\;C:\Program Files (x86)\VMware\VMware Player\bin\;C:\Program Files\Common Files\Oracle\Java\javapath;C:\Program Files (x86)\Common Files\Oracle\Java\javapath;C:\Program Files (x86)\Eclipse Adoptium\jdk-17.0.8.101-hotspot\bin;C:\Windows\system32;C:\Windows;C:\Windows\System32\Wbem;C:\Windows\System32\WindowsPowerShell\v1.0\;C:\Windows\System32\OpenSSH\;C:\Program Files (x86)\NVIDIA Corporation\PhysX\Common;C:\Program Files\NVIDIA Corporation\NVIDIA NvDLISR;C:\Program Files\Microsoft SQL Server\150\Tools\Binn\;C:\Program Files\Microsoft SQL Server\Client SDK\ODBC\170\Tools\Binn\;C:\Program Files\dotnet\;C:\Program Files\PowerShell\7-preview\preview;C:\Program Files\PowerShell\7\;C:\Program Files\Git\cmd;C:\Users\USER\AppData\Local\Microsoft\WindowsApps;;C:\Users\USER\AppData\Local\Programs\Microsoft VS Code\bin;C:\Users\USER\.dotnet\tools;C:\Program Files (x86)\Eclipse Adoptium\jdk-17.0.8.101-hotspot\\bin
Check launcher:	C:\Program Files (x86)\Eclipse Adoptium\jdk-17.0.8.101-hotspot\bin\javaw.exe (OK)
Warning:	formatJavaVersion() too many parts added.
Version string: 1.017.000_008 / 32-Bit (OK)
Main class:	org.eclipse.jdt.internal.jarinjarloader.JarRsrcLoader
Add classpath:	.
Launcher:	C:\Program Files (x86)\Eclipse Adoptium\jdk-17.0.8.101-hotspot\bin\javaw.exe
Launcher args:	-classpath "C:\Users\USER\Desktop\Software engineering practices\AVLTreeTraverseVisualizer\AVLTreeTraverseVisualizer.exe;." org.eclipse.jdt.internal.jarinjarloader.JarRsrcLoader
Args length:	177/32768 chars
Exit code:	0


Version:	3.50
CmdLine:	C:\Users\USER\Desktop\Software engineering practices\AVLTreeTraverseVisualizer\AVLTreeTraverseVisualizer.exe --l4j-debug
JNI:		No
WOW64:		Yes
Working dir:	C:\Users\USER\Desktop\Software engineering practices\AVLTreeTraverseVisualizer\.
Requires JDK:	No
Requires 64-Bit: No
Java min ver:	
Java max ver:	
Substitute:	JAVA_HOME = C:\Program Files (x86)\Eclipse Adoptium\jdk-17.0.8.101-hotspot\
Substitute:	PATH = C:\Program Files (x86)\VMware\VMware Player\bin\;C:\Program Files\Common Files\Oracle\Java\javapath;C:\Program Files (x86)\Common Files\Oracle\Java\javapath;C:\Program Files (x86)\Eclipse Adoptium\jdk-17.0.8.101-hotspot\bin;C:\Windows\system32;C:\Windows;C:\Windows\System32\Wbem;C:\Windows\System32\WindowsPowerShell\v1.0\;C:\Windows\System32\OpenSSH\;C:\Program Files (x86)\NVIDIA Corporation\PhysX\Common;C:\Program Files\NVIDIA Corporation\NVIDIA NvDLISR;C:\Program Files\Microsoft SQL Server\150\Tools\Binn\;C:\Program Files\Microsoft SQL Server\Client SDK\ODBC\170\Tools\Binn\;C:\Program Files\dotnet\;C:\Program Files\PowerShell\7-preview\preview;C:\Program Files\PowerShell\7\;C:\Program Files\Git\cmd;C:\Users\USER\AppData\Local\Microsoft\WindowsApps;;C:\Users\USER\AppData\Local\Programs\Microsoft VS Code\bin;C:\Users\USER\.dotnet\tools;C:\Program Files (x86)\Eclipse Adoptium\jdk-17.0.8.101-hotspot\\bin
JRE paths:	C:\Program Files (x86)\Eclipse Adoptium\jdk-17.0.8.101-hotspot\;C:\Program Files (x86)\VMware\VMware Player\bin\;C:\Program Files\Common Files\Oracle\Java\javapath;C:\Program Files (x86)\Common Files\Oracle\Java\javapath;C:\Program Files (x86)\Eclipse Adoptium\jdk-17.0.8.101-hotspot\bin;C:\Windows\system32;C:\Windows;C:\Windows\System32\Wbem;C:\Windows\System32\WindowsPowerShell\v1.0\;C:\Windows\System32\OpenSSH\;C:\Program Files (x86)\NVIDIA Corporation\PhysX\Common;C:\Program Files\NVIDIA Corporation\NVIDIA NvDLISR;C:\Program Files\Microsoft SQL Server\150\Tools\Binn\;C:\Program Files\Microsoft SQL Server\Client SDK\ODBC\170\Tools\Binn\;C:\Program Files\dotnet\;C:\Program Files\PowerShell\7-preview\preview;C:\Program Files\PowerShell\7\;C:\Program Files\Git\cmd;C:\Users\USER\AppData\Local\Microsoft\WindowsApps;;C:\Users\USER\AppData\Local\Programs\Microsoft VS Code\bin;C:\Users\USER\.dotnet\tools;C:\Program Files (x86)\Eclipse Adoptium\jdk-17.0.8.101-hotspot\\bin
Check launcher:	C:\Program Files (x86)\Eclipse Adoptium\jdk-17.0.8.101-hotspot\bin\javaw.exe (OK)
Warning:	formatJavaVersion() too many parts added.
Version string: 1.017.000_008 / 32-Bit (OK)
Main class:	org.eclipse.jdt.internal.jarinjarloader.JarRsrcLoader
Add classpath:	.
Launcher:	C:\Program Files (x86)\Eclipse Adoptium\jdk-17.0.8.101-hotspot\bin\javaw.exe
Launcher args:	-classpath "C:\Users\USER\Desktop\Software engineering practices\AVLTreeTraverseVisualizer\AVLTreeTraverseVisualizer.exe;." org.eclipse.jdt.internal.jarinjarloader.JarRsrcLoader
Args length:	177/32768 chars
Exit code:	0
